[	22-04-2020 08:48:20	] [BAN ACTION] A new ban record has been added. Player: 'Skorez Skorzi' was banned by 'Andi Capet' for 'Banned by staff moddeur' until '01/01/3000 00:00:00'.
[	22-04-2020 14:54:24	] [BAN ACTION] A new ban record has been added. Player: 'Pantoufle' was banned by 'Lewis Smith' for 'Carkill' until '05/22/2020 14:54:24'.
[	24-04-2020 07:56:16	] [KICK ACTION] Player: Andi Capet has kicked: Emilio Soulax for: You have been kicked. Reason: Tu étais coma il ya deux secondes tu peux pas reprendre ta comme si de rien était.
[	13-05-2020 19:51:09	] [BAN ACTION] The following ban record has been removed (player unbanned). [Player: Skorez Skorzi was banned by Andi Capet for Banned by staff moddeur until 01/01/3000 00:00:00.]
[	13-05-2020 19:51:12	] [BAN ACTION] The following ban record has been removed (player unbanned). [Player: Pantoufle was banned by Lewis Smith for Carkill until 05/22/2020 14:54:24.]
[	18-05-2020 19:58:12	] [BAN ACTION] The following ban record has been removed (player unbanned). [Player: Skorez Skorzi was banned by Andi Capet for Banned by staff moddeur until 01/01/3000 00:00:00.]
[	18-05-2020 19:58:16	] [BAN ACTION] The following ban record has been removed (player unbanned). [Player: Pantoufle was banned by Lewis Smith for Carkill until 05/22/2020 14:54:24.]
[	20-12-2020 21:17:52	] [KICK ACTION] Player: JODGND01 has kicked: Pyxyo for: You have been kicked. Reason: d.
[	20-12-2020 21:18:00	] [KICK ACTION] Player: JODGND01 has kicked:  for: You have been kicked. Reason: REBOOT.
[	20-02-2021 18:27:56	] [KICK ACTION] Player: [FR] Martin Wood has kicked: achserra2005 for: You have been kicked. Reason: INVISIBLE.
[	25-02-2021 01:13:48	] [KICK ACTION] Player: [FR] Martin Wood has kicked: Jacquie Pignon for: You have been kicked. Reason: vol moto lspd.
[	27-02-2021 16:50:25	] [KICK ACTION] Player: [FR] Martin Wood has kicked: color | Lenny Wayte for: You have been kicked. Reason: pas tres rp de tuer un mec en pleine rue non cagoulé.
[	27-02-2021 20:40:50	] [KICK ACTION] Player: [FR] Martin Wood has kicked: SolKer [FR] for: You have been kicked. Reason: parle en etant coma.
[	01-03-2021 00:16:28	] [KICK ACTION] Player: Sid Bullet has kicked: Rico Santie for: You have been kicked. Reason: farm sans véhicule d'entreprise.
[	01-03-2021 00:16:55	] [KICK ACTION] Player: Sid Bullet has kicked: Karim Hakbi for: You have been kicked. Reason: farm sans véhicule d'entreprise.
[	01-03-2021 19:58:13	] [KICK ACTION] Player: [FR] Martin Wood has kicked: Hernandez ramirez for: You have been kicked. Reason: bjr le new sheriff.
[	07-03-2021 17:41:21	] [KICK ACTION] Player: Corazon Manshelly/Joker has kicked:  for: You have been kicked. Reason: on ne touche pas un superadmin.
[	18-03-2021 19:31:40	] [KICK ACTION] Player: Corazon Manshelly/Joker has kicked: Patrick Rasta for: You have been kicked. Reason: pain rp ? .
[	31-03-2021 20:59:56	] [KICK ACTION] Player: Sid Bullet has kicked: Shawn Cossack for: You have been kicked. Reason: reboot.
[	31-03-2021 21:00:07	] [KICK ACTION] Player: Sid Bullet has kicked: Ace Bergeron for: You have been kicked. Reason: reboot.
[	16-04-2021 22:36:02	] [KICK ACTION] Player: WELCOME TO MY WORLD has kicked: Ak16random for: You have been kicked. Reason: s.
[	24-04-2021 23:33:03	] [BAN ACTION] A new ban record has been added. Player: 'YssFzz' was banned by 'Hayden FROST' for 'ce n'est pas un serveur ces une ville !' until '04/25/2021 00:33:03'.
[	24-04-2021 23:38:12	] [BAN ACTION] The following ban record has been removed (player unbanned). [Player: YssFzz was banned by Hayden FROST for ce n'est pas un serveur ces une ville ! until 04/25/2021 00:33:03.]
[	25-04-2021 16:44:41	] [KICK ACTION] Player: WELCOME TO MY WORLD has kicked: ALWAYSBAN for: You have been kicked. Reason: Regles ton micro, et si t'as un soucis vien sur le discord on pourra d aide. **Loup**.
[	25-04-2021 17:01:43	] [BAN ACTION] A new ban record has been added. Player: 'ALWAYSBAN' was banned by 'Reznov666' for 'Banned by staff.' until '01/01/3000 00:00:00'.
[	25-04-2021 17:19:50	] [BAN ACTION] The following ban record has been removed (player unbanned). [Player: ALWAYSBAN was banned by Reznov666 for Banned by staff. until 01/01/3000 00:00:00.]
[	25-04-2021 21:02:17	] [BAN ACTION] A new ban record has been added. Player: 'D0wG0W' was banned by 'Sid Bullet' for 'No Fear Car KIll' until '04/25/2021 22:02:17'.
[	30-04-2021 20:48:25	] [KICK ACTION] Player: Corazon Manshelly/Joker has kicked: Vladimir.Snail for: You have been kicked. Reason: mass rp tu est dans une prison pas dans une cour de récréation.
[	30-04-2021 20:48:42	] [KICK ACTION] Player: Corazon Manshelly/Joker has kicked: Dimitri Papayachkov for: You have been kicked. Reason: mass rp tu est dans une prison pas dans une cour de récréation .
[	01-05-2021 23:12:18	] [BAN ACTION] A new ban record has been added. Player: 'InvalidPlayerName' was banned by 'Manile69' for 'Banned by staff.' until '01/01/3000 00:00:00'.
[	01-05-2021 23:12:19	] [BAN ACTION] A new ban record has been added. Player: 'InvalidPlayerName' was banned by 'WELCOME TO MY WORLD, "Loup"' for 'Banned by staff.troll' until '05/06/2021 13:12:19'.
[	01-05-2021 23:13:45	] [BAN ACTION] A new ban record has been added. Player: 'Tyler Davis' was banned by 'Manile69' for 'Banned by staff.' until '01/01/3000 00:00:00'.
[	01-05-2021 23:17:16	] [BAN ACTION] A new ban record has been added. Player: 'YzzeeN' was banned by 'WELCOME TO MY WORLD, "Loup"' for 'Banned by staff.' until '01/01/3000 00:00:00'.
[	01-05-2021 23:17:17	] [BAN ACTION] A new ban record has been added. Player: 'adidasfeed' was banned by 'Manile69' for 'Banned by staff.' until '01/01/3000 00:00:00'.
[	14-05-2021 21:33:08	] [BAN ACTION] A new ban record has been added. Player: 'Tobias' was banned by 'Mss  Aya' for 'Banned by staff.' until '05/14/2021 23:03:08'.
[	14-05-2021 21:33:32	] [BAN ACTION] A new ban record has been added. Player: 'InvalidPlayerName' was banned by 'Archer Sterling' for 'free kill punch ' until '01/01/3000 00:00:00'.
[	14-05-2021 21:35:07	] [BAN ACTION] A new ban record has been added. Player: 'Manile69' was banned by 'Archer Sterling' for 'Banned by staff.' until '01/01/3000 00:00:00'.
[	14-05-2021 23:09:34	] [BAN ACTION] The following ban record has been removed (player unbanned). The player has been unbanned because their ban duration expired. [Player: Tobias was banned by Mss  Aya for Banned by staff. until 05/14/2021 23:03:08.]
[	16-05-2021 00:55:27	] [KICK ACTION] Player: Hayden FROST has kicked: ArkhoWolf for: You have been kicked. Reason: Attention a ton RP ! et tu est cadet tu vas reposer ton arme !!.
[	25-05-2021 17:28:01	] [KICK ACTION] Player: Hayden FROST has kicked: Pablo de la Vega for: You have been kicked. Reason: Ne reste pas la juste pour toucher ton salaire!.
